#
# There is insufficient memory for the Java Runtime Environment to continue.
# Native memory allocation (mmap) failed to map 266338304 bytes for Failed to commit area from 0x0000000703600000 to 0x0000000713400000 of length 266338304.
# Possible reasons:
#   The system is out of physical RAM or swap space
#   The process is running with CompressedOops enabled, and the Java Heap may be blocking the growth of the native heap
# Possible solutions:
#   Reduce memory load on the system
#   Increase physical memory or swap space
#   Check if swap backing store is full
#   Decrease Java heap size (-Xmx/-Xms)
#   Decrease number of Java threads
#   Decrease Java thread stack sizes (-Xss)
#   Set larger code cache with -XX:ReservedCodeCacheSize=
# This output file may be truncated or incomplete.
#
#  Out of Memory Error (./src/hotspot/os/windows/os_windows.cpp:3303), pid=13968, tid=11832
#
# JRE version:  (11.0.8+10) (build )
# Java VM: OpenJDK 64-Bit Server VM (11.0.8+10-b944.6842174, mixed mode, sharing, tiered, compressed oops, g1 gc, windows-amd64)
# No core dump will be written. Minidumps are not enabled by default on client versions of Windows
#

---------------  S U M M A R Y ------------

Command Line: org.jetbrains.kotlin.cli.jvm.K2JVMCompiler @D:\Internship\DesignParttern_MVVM\app\build\20210628_5157874376707387610.compiler.options

Host: Intel(R) Core(TM) i5-9500 CPU @ 3.00GHz, 6 cores, 15G,  Windows 10 , 64 bit Build 19041 (10.0.19041.1023)
Time: Mon Jun 28 15:47:50 2021 SE Asia Standard Time elapsed time: 0 seconds (0d 0h 0m 0s)

---------------  T H R E A D  ---------------

Current thread (0x000001c80bd6d000):  JavaThread "Unknown thread" [_thread_in_vm, id=11832, stack(0x0000000bdab00000,0x0000000bdac00000)]

Stack: [0x0000000bdab00000,0x0000000bdac00000]
Native frames: (J=compiled Java code, j=interpreted, Vv=VM code, C=native code)
V  [jvm.dll+0x5de50a]
V  [jvm.dll+0x7122f5]
V  [jvm.dll+0x71384d]
V  [jvm.dll+0x713f03]
V  [jvm.dll+0x23e728]
V  [jvm.dll+0x5db9a4]
V  [jvm.dll+0x5d0ae5]
V  [jvm.dll+0x2fb20b]
V  [jvm.dll+0x2fb17a]
V  [jvm.dll+0x2fb052]
V  [jvm.dll+0x2fff16]
V  [jvm.dll+0x348743]
V  [jvm.dll+0x348e46]
V  [jvm.dll+0x348843]
V  [jvm.dll+0x2d5d68]
V  [jvm.dll+0x2d6f07]
V  [jvm.dll+0x6f11f7]
V  [jvm.dll+0x6f29ec]
V  [jvm.dll+0x355cb9]
V  [jvm.dll+0x6d4ade]
V  [jvm.dll+0x3bdfe3]
V  [jvm.dll+0x3c0201]
C  [jli.dll+0x5373]
C  [ucrtbase.dll+0x21bb2]
C  [KERNEL32.DLL+0x17034]
C  [ntdll.dll+0x52651]


---------------  P R O C E S S  ---------------

Threads class SMR info:
_java_thread_list=0x000001c80bc757b0, length=0, elements={
}

Java Threads: ( => current thread )

Other Threads:
  0x000001c80bd84000 GCTaskThread "GC Thread#0" [stack: 0x0000000bdac00000,0x0000000bdad00000] [id=3828]
  0x000001c80bde2000 ConcurrentGCThread "G1 Main Marker" [stack: 0x0000000bdad00000,0x0000000bdae00000] [id=17984]
  0x000001c80bde3000 ConcurrentGCThread "G1 Conc#0" [stack: 0x0000000bdae00000,0x0000000bdaf00000] [id=15624]

[error occurred during error reporting (printing all threads), id 0xc0000005, EXCEPTION_ACCESS_VIOLATION (0xc0000005) at pc=0x00007ff8fccb6357]

VM state:not at safepoint (not fully initialized)

VM Mutex/Monitor currently owned by a thread:  ([mutex/lock_event])
[0x000001c80bd695e0] Heap_lock - owner thread: 0x000001c80bd6d000

Heap address: 0x0000000703600000, size: 4042 MB, Compressed Oops mode: Non-zero based: 0x0000000703600000
Narrow klass base: 0x0000000000000000, Narrow klass shift: 0

GC Heap History (0 events):
No events

Deoptimization events (0 events):
No events

Classes redefined (0 events):
No events

Internal exceptions (0 events):
No events

Events (1 events):
Event: 0.006 Loaded shared library C:\Program Files\Android\Android Studio\jre\bin\zip.dll


Dynamic libraries:
0x00007ff77afc0000 - 0x00007ff77afca000 	C:\Program Files\Android\Android Studio\jre\bin\java.exe
0x00007ff931d90000 - 0x00007ff931f85000 	C:\Windows\SYSTEM32\ntdll.dll
0x00007ff931380000 - 0x00007ff93143d000 	C:\Windows\System32\KERNEL32.DLL
0x00007ff92f7c0000 - 0x00007ff92fa88000 	C:\Windows\System32\KERNELBASE.dll
0x00007ff92f630000 - 0x00007ff92f730000 	C:\Windows\System32\ucrtbase.dll
0x00007ff91da20000 - 0x00007ff91da37000 	C:\Program Files\Android\Android Studio\jre\bin\VCRUNTIME140.dll
0x00007ff91dde0000 - 0x00007ff91ddf9000 	C:\Program Files\Android\Android Studio\jre\bin\jli.dll
0x00007ff9308b0000 - 0x00007ff930a50000 	C:\Windows\System32\USER32.dll
0x00007ff92f600000 - 0x00007ff92f622000 	C:\Windows\System32\win32u.dll
0x00007ff930560000 - 0x00007ff93058a000 	C:\Windows\System32\GDI32.dll
0x00007ff916350000 - 0x00007ff9165ea000 	C:\Windows\WinSxS\amd64_microsoft.windows.common-controls_6595b64144ccf1df_6.0.19041.1052_none_60b8f8fd71f5e8cb\COMCTL32.dll
0x00007ff92fcf0000 - 0x00007ff92fdfb000 	C:\Windows\System32\gdi32full.dll
0x00007ff931b80000 - 0x00007ff931c1e000 	C:\Windows\System32\msvcrt.dll
0x00007ff92f560000 - 0x00007ff92f5fd000 	C:\Windows\System32\msvcp_win.dll
0x00007ff930530000 - 0x00007ff930560000 	C:\Windows\System32\IMM32.DLL
0x00007ff910fd0000 - 0x00007ff91106d000 	C:\Program Files\Android\Android Studio\jre\bin\msvcp140.dll
0x00007ff8fc9d0000 - 0x00007ff8fd48c000 	C:\Program Files\Android\Android Studio\jre\bin\server\jvm.dll
0x00007ff931ca0000 - 0x00007ff931d4c000 	C:\Windows\System32\ADVAPI32.dll
0x00007ff930cc0000 - 0x00007ff930d5b000 	C:\Windows\System32\sechost.dll
0x00007ff930b90000 - 0x00007ff930cbb000 	C:\Windows\System32\RPCRT4.dll
0x00007ff930b20000 - 0x00007ff930b28000 	C:\Windows\System32\PSAPI.DLL
0x00007ff915330000 - 0x00007ff915357000 	C:\Windows\SYSTEM32\WINMM.dll
0x00007ff918540000 - 0x00007ff918549000 	C:\Windows\SYSTEM32\WSOCK32.dll
0x00007ff931c20000 - 0x00007ff931c8b000 	C:\Windows\System32\WS2_32.dll
0x00007ff9298c0000 - 0x00007ff9298ca000 	C:\Windows\SYSTEM32\VERSION.dll
0x00007ff92d400000 - 0x00007ff92d412000 	C:\Windows\SYSTEM32\kernel.appcore.dll
0x00007ff922450000 - 0x00007ff922461000 	C:\Program Files\Android\Android Studio\jre\bin\verify.dll
0x00007ff915830000 - 0x00007ff915a14000 	C:\Windows\SYSTEM32\DBGHELP.DLL
0x00007ff915360000 - 0x00007ff91538c000 	C:\Windows\SYSTEM32\dbgcore.DLL
0x00007ff92f730000 - 0x00007ff92f7b3000 	C:\Windows\System32\bcryptPrimitives.dll
0x00007ff922420000 - 0x00007ff922449000 	C:\Program Files\Android\Android Studio\jre\bin\java.dll
0x00007ff92b390000 - 0x00007ff92b39b000 	C:\Program Files\Android\Android Studio\jre\bin\jimage.dll
0x00007ff922400000 - 0x00007ff922418000 	C:\Program Files\Android\Android Studio\jre\bin\zip.dll

dbghelp: loaded successfully - version: 4.0.5 - missing functions: none
symbol engine: initialized successfully - sym options: 0x614 - pdb path: .;C:\Program Files\Android\Android Studio\jre\bin;C:\Windows\SYSTEM32;C:\Windows\WinSxS\amd64_microsoft.windows.common-controls_6595b64144ccf1df_6.0.19041.1052_none_60b8f8fd71f5e8cb;C:\Program Files\Android\Android Studio\jre\bin\server

VM Arguments:
java_command: org.jetbrains.kotlin.cli.jvm.K2JVMCompiler @D:\Internship\DesignParttern_MVVM\app\build\20210628_5157874376707387610.compiler.options
java_class_path (initial): C:\Users\Dell\.gradle\caches\modules-2\files-2.1\org.jetbrains.kotlin\kotlin-compiler-embeddable\1.4.10\38c4b99d5d5362debdd9302a866730379aa2328a\kotlin-compiler-embeddable-1.4.10.jar;C:\Users\Dell\.gradle\caches\modules-2\files-2.1\org.jetbrains.kotlin\kotlin-reflect\1.4.10\e2b3c6695eee6085e606d96d685396dce23a3a06\kotlin-reflect-1.4.10.jar;C:\Users\Dell\.gradle\caches\modules-2\files-2.1\org.jetbrains.kotlin\kotlin-stdlib\1.4.10\ea29e063d2bbe695be13e9d044dcfb0c7add398e\kotlin-stdlib-1.4.10.jar;C:\Users\Dell\.gradle\caches\modules-2\files-2.1\org.jetbrains.kotlin\kotlin-script-runtime\1.4.10\7c19d9c2001e016cd7664cebe9eea66fc04a7f4f\kotlin-script-runtime-1.4.10.jar;C:\Users\Dell\.gradle\caches\modules-2\files-2.1\org.jetbrains.kotlin\kotlin-daemon-embeddable\1.4.10\dbd67f42bed28043d17d7c860b06110a00a45970\kotlin-daemon-embeddable-1.4.10.jar;C:\Users\Dell\.gradle\caches\modules-2\files-2.1\org.jetbrains.intellij.deps\trove4j\1.0.20181211\216c2e14b070f334479d800987affe4054cd563f\trove4j-1.0.20181211.jar;C:\Users\Dell\.gradle\caches\modules-2\files-2.1\org.jetbrains.kotlin\kotlin-stdlib-common\1.4.10\6229be3465805c99db1142ad75e6c6ddeac0b04c\kotlin-stdlib-common-1.4.10.jar;C:\Users\Dell\.gradle\caches\modules-2\files-2.1\org.jetbrains\annotations\13.0\919f0dfe192fb4e063e7dacadee7f8bb9a2672a9\annotations-13.0.jar
Launcher Type: SUN_STANDARD

[Global flags]
     intx CICompilerCount                          = 3                                         {product} {ergonomic}
     uint ConcGCThreads                            = 2                                         {product} {ergonomic}
     uint G1ConcRefinementThreads                  = 6                                         {product} {ergonomic}
   size_t G1HeapRegionSize                         = 1048576                                   {product} {ergonomic}
    uintx GCDrainStackTargetSize                   = 64                                        {product} {ergonomic}
   size_t InitialHeapSize                          = 266338304                                 {product} {ergonomic}
   size_t MarkStackSize                            = 4194304                                   {product} {ergonomic}
   size_t MaxHeapSize                              = 4238344192                                {product} {ergonomic}
   size_t MinHeapDeltaBytes                        = 1048576                                   {product} {ergonomic}
    uintx NonNMethodCodeHeapSize                   = 5830732                                {pd product} {ergonomic}
    uintx NonProfiledCodeHeapSize                  = 122913754                              {pd product} {ergonomic}
    uintx ProfiledCodeHeapSize                     = 122913754                              {pd product} {ergonomic}
    uintx ReservedCodeCacheSize                    = 251658240                              {pd product} {ergonomic}
     bool SegmentedCodeCache                       = true                                      {product} {ergonomic}
     bool UseCompressedClassPointers               = true                                 {lp64_product} {ergonomic}
     bool UseCompressedOops                        = true                                 {lp64_product} {ergonomic}
     bool UseG1GC                                  = true                                      {product} {ergonomic}
     bool UseLargePagesIndividualAllocation        = false                                  {pd product} {ergonomic}

Logging:
Log output configuration:
 #0: stdout all=warning uptime,level,tags
 #1: stderr all=off uptime,level,tags

Environment Variables:
JAVA_HOME=C:\Program Files\Android\Android Studio\jre
PATH=C:\Program Files (x86)\Common Files\Oracle\Java\javapath;C:\Python39\Scripts\;C:\Python39\;C:\Windows\system32;C:\Windows;C:\Windows\System32\Wbem;C:\Windows\System32\WindowsPowerShell\v1.0\;C:\Windows\System32\OpenSSH\;C:\Program Files\Git\cmd;C:\Arcanist\arcanist\bin;C:\xampp\php;C:\Program Files\Android\Android Studio\jre\bin;C:\Users\Dell\AppData\Local\Android\Sdk\platform-tools;C:\Program Files\nodejs\;C:\ProgramData\chocolatey\bin;C:\Ruby26-x64\bin;C:\Users\Dell\AppData\Local\Microsoft\WindowsApps;C:\Users\Dell\AppData\Local\Programs\Microsoft VS Code\bin;C:\Users\Dell\AppData\Roaming\npm;C:\Users\Dell\AppData\Local\Android\Sdk\platform-tools;
USERNAME=Dell
LANG=en_US.UTF-8
LC_ALL=en_US.UTF-8
OS=Windows_NT
PROCESSOR_IDENTIFIER=Intel64 Family 6 Model 158 Stepping 10, GenuineIntel



---------------  S Y S T E M  ---------------

OS: Windows 10 , 64 bit Build 19041 (10.0.19041.1023)
OS uptime: 7 days 3:55 hours
HyperV virtualization detected

CPU:total 6 (initial active 6) (6 cores per cpu, 1 threads per core) family 6 model 158 stepping 10, cmov, cx8, fxsr, mmx, sse, sse2, sse3, ssse3, sse4.1, sse4.2, popcnt, avx, avx2, aes, clmul, erms, rtm, 3dnowpref, lzcnt, tsc, tscinvbit, bmi1, bmi2, adx, fma

Memory: 4k page, system-wide physical 16165M (538M free)
TotalPageFile size 35403M (AvailPageFile size 135M)
current process WorkingSet (physical memory assigned to process): 10M, peak: 10M
current process commit charge ("private bytes"): 56M, peak: 310M

vm_info: OpenJDK 64-Bit Server VM (11.0.8+10-b944.6842174) for windows-amd64 JRE (11.0.8+10-b944.6842174), built on Sep 19 2020 01:11:42 by "builder" with MS VC++ 14.0 (VS2015)

END.
